<?xml version="1.0" encoding="UTF-8" ?>
<testsuite errors="0" failures="0" hostname="erode-Laptop" name="businessmap.models.SocialMediaTest" skipped="0" tests="9" time="0.337" timestamp="2017-07-27T14:01:19">
  <properties>
    <property name="netbeans.autoupdate.country" value="US" />
    <property name="nb.wait.for.caches" value="true" />
    <property name="javac.test.classpath" value="/home/erode/.netbeans/8.2/modules/ext/sqlitejdbc-3.8.7.jar:/home/erode/netbeans-8.2/java/modules/ext/eclipselink/org.eclipse.persistence.jpa.modelgen_2.5.2.v20140319-9ad6abd.jar:/home/erode/netbeans-8.2/java/modules/ext/eclipselink/eclipselink.jar:/home/erode/netbeans-8.2/java/modules/ext/eclipselink/javax.persistence_2.1.0.v201304241213.jar:/home/erode/netbeans-8.2/java/modules/ext/eclipselink/org.eclipse.persistence.jpa.jpql_2.5.2.v20140319-9ad6abd.jar:build/classes:/home/erode/netbeans-8.2/platform/modules/ext/junit-4.12.jar:/home/erode/netbeans-8.2/platform/modules/ext/hamcrest-core-1.3.jar" />
    <property name="libs.jsf20.maven-pom" value="" />
    <property name="libs.DataBindingME.src" value="/home/erode/netbeans-8.2/mobility/sources/netbeans_databindingme-src.zip" />
    <property name="manifest.custom.codebase" value="" />
    <property name="ant.file.businessMap" value="/home/erode/NetBeansProjects/businessMap/build.xml" />
    <property name="ant.core.lib" value="/home/erode/netbeans-8.2/extide/ant/lib/ant.jar" />
    <property name="libs.SQLiteDriver.classpath" value="/home/erode/.netbeans/8.2/modules/ext/sqlitejdbc-3.8.7.jar" />
    <property name="manifest.custom.application.library.allowable.codebase" value="" />
    <property name="javadoc.windowtitle" value="" />
    <property name="user.dir" value="/home/erode/NetBeansProjects/businessMap" />
    <property name="libs.javaee-api-7.0.src" value="" />
    <property name="java.vm.version" value="25.131-b11" />
    <property name="libs.DataBindingME.classpath" value="/home/erode/netbeans-8.2/mobility/modules/ext/netbeans_databindingme.jar" />
    <property name="libs.j2me_common_ant.src" value="" />
    <property name="libs.MySQLDriver.classpath" value="/home/erode/netbeans-8.2/ide/modules/ext/mysql-connector-java-5.1.23-bin.jar" />
    <property name="libs.eclipselinkmodelgen.src" value="" />
    <property name="javadoc.notree" value="false" />
    <property name="netbeans.autoupdate.version" value="1.23" />
    <property name="netbeans.running.environment" value="gnome" />
    <property name="libs.javaee-web-api-6.0.classpath" value="/home/erode/netbeans-8.2/enterprise/modules/ext/javaee-web-api-6.0.jar" />
    <property name="libs.DataBindingME-PIM.maven-pom" value="" />
    <property name="javac.profile.cmd.line.arg" value="" />
    <property name="jdk.home" value="/usr/lib/jvm/java-8-openjdk-amd64" />
    <property name="libs.javac-api.src" value="" />
    <property name="javadoc.noindex" value="false" />
    <property name="sun.os.patch.level" value="unknown" />
    <property name="do.archive+manifest.available" value="true" />
    <property name="java.vm.specification.name" value="Java Virtual Machine Specification" />
    <property name="nb.show.statistics.ui" value="usageStatisticsEnabled" />
    <property name="netbeans.autoupdate.variant" value="" />
    <property name="have.tests" value="true" />
    <property name="addExports:java.desktop/com.sun.java.swing.plaf.gtk" value="ALL-UNNAMED" />
    <property name="org.xml.sax.driver" value="com.sun.org.apache.xerces.internal.jaxp.SAXParserImpl$JAXPSAXParser" />
    <property name="libs.hamcrest.classpath" value="/home/erode/netbeans-8.2/platform/modules/ext/hamcrest-core-1.3.jar" />
    <property name="libs.javac-api.javadoc" value="" />
    <property name="os.name" value="Linux" />
    <property name="libs.beans-binding.classpath" value="/home/erode/netbeans-8.2/java/modules/ext/beansbinding-1.2.1.jar" />
    <property name="libs.javaee-endorsed-api-7.0.maven-pom" value="" />
    <property name="ap.proc.none.internal" value="" />
    <property name="libs.DataBindingME-SVG.javadoc" value="/home/erode/netbeans-8.2/mobility/modules/docs/netbeans_databindingme_svg-api.zip" />
    <property name="libs.JWSAntTasks.maven-pom" value="" />
    <property name="jnlp.signing.keystore" value="" />
    <property name="libs.testng.src" value="" />
    <property name="java.vendor.url.bug" value="http://bugreport.sun.com/bugreport/" />
    <property name="libs.jaxb.maven-pom" value="" />
    <property name="os.arch" value="amd64" />
    <property name="libs.eclipselink.src" value="" />
    <property name="user.name" value="erode" />
    <property name="libs.jsf12.javadoc" value="/home/erode/netbeans-8.2/enterprise/docs/javaee-doc-api.jar" />
    <property name="copylibs.rebase" value="true" />
    <property name="libs.j2me_common_ant.maven-pom" value="" />
    <property name="libs.swing-layout.maven-pom" value="" />
    <property name="sun.java.command" value="org.apache.tools.ant.taskdefs.optional.junit.JUnitTestRunner businessmap.models.SocialMediaTest skipNonTests=false filtertrace=true haltOnError=false haltOnFailure=false showoutput=true outputtoformatters=true logfailedtests=true threadid=0 logtestlistenerevents=true formatter=org.apache.tools.ant.taskdefs.optional.junit.BriefJUnitResultFormatter formatter=org.apache.tools.ant.taskdefs.optional.junit.XMLJUnitResultFormatter,/home/erode/NetBeansProjects/businessMap/build/test/results/TEST-businessmap.models.SocialMediaTest.xml crashfile=/home/erode/NetBeansProjects/businessMap/build/junitvmwatcher8192784997296593285.properties propsfile=/home/erode/NetBeansProjects/businessMap/build/junit6942158963448467475.properties" />
    <property name="build.classes.dir" value="build/classes" />
    <property name="netbeans.accept_license_class" value="org.netbeans.license.AcceptLicense" />
    <property name="jnlp.descriptor" value="application" />
    <property name="build.sysclasspath" value="ignore" />
    <property name="manifest.encoding" value="UTF-8" />
    <property name="ap.supported.internal" value="true" />
    <property name="java.failonerror" value="true" />
    <property name="libs.javaee-endorsed-api-7.0.javadoc" value="/home/erode/netbeans-8.2/enterprise/docs/javaee-doc-api.jar" />
    <property name="libs.jaxws21.javadoc" value="/home/erode/netbeans-8.2/java/docs/jaxws-api-doc.zip" />
    <property name="socksProxyPort" value="0" />
    <property name="includes" value="businessmap/models/**/*Test.java" />
    <property name="user.country" value="US" />
    <property name="manifest.file" value="manifest.mf" />
    <property name="addExports:java.desktop/sun.awt" value="ALL-UNNAMED" />
    <property name="javadoc.encoding" value="UTF-8" />
    <property name="javac.classpath" value="/home/erode/.netbeans/8.2/modules/ext/sqlitejdbc-3.8.7.jar:/home/erode/netbeans-8.2/java/modules/ext/eclipselink/org.eclipse.persistence.jpa.modelgen_2.5.2.v20140319-9ad6abd.jar:/home/erode/netbeans-8.2/java/modules/ext/eclipselink/eclipselink.jar:/home/erode/netbeans-8.2/java/modules/ext/eclipselink/javax.persistence_2.1.0.v201304241213.jar:/home/erode/netbeans-8.2/java/modules/ext/eclipselink/org.eclipse.persistence.jpa.jpql_2.5.2.v20140319-9ad6abd.jar" />
    <property name="debug-transport" value="dt_socket" />
    <property name="netbeans.home" value="/home/erode/netbeans-8.2/platform" />
    <property name="build.compiler.emacs" value="true" />
    <property name="libs.javaee-web-api-6.0.src" value="" />
    <property name="java.endorsed.dirs" value="/usr/lib/jvm/java-8-openjdk-amd64/jre/lib/endorsed" />
    <property name="netbeans.dynamic.classpath" value="/home/erode/netbeans-8.2/platform/core/org-netbeans-libs-asm.jar:/home/erode/netbeans-8.2/platform/core/org-openide-filesystems.jar:/home/erode/netbeans-8.2/platform/core/org-openide-filesystems-compat8.jar:/home/erode/netbeans-8.2/platform/core/core-base.jar:/home/erode/netbeans-8.2/platform/core/asm-all-5.0.1.jar:/home/erode/netbeans-8.2/platform/core/core.jar:/home/erode/netbeans-8.2/platform/core/locale/core_pt_BR.jar:/home/erode/netbeans-8.2/platform/core/locale/org-openide-filesystems-compat8_zh_CN.jar:/home/erode/netbeans-8.2/platform/core/locale/core-base_ja.jar:/home/erode/netbeans-8.2/platform/core/locale/org-openide-filesystems_pt_BR.jar:/home/erode/netbeans-8.2/platform/core/locale/org-netbeans-libs-asm_pt_BR.jar:/home/erode/netbeans-8.2/platform/core/locale/org-openide-filesystems-compat8_ja.jar:/home/erode/netbeans-8.2/platform/core/locale/core-base_pt_BR.jar:/home/erode/netbeans-8.2/platform/core/locale/core-base_zh_CN.jar:/home/erode/netbeans-8.2/platform/core/locale/org-openide-filesystems_ja.jar:/home/erode/netbeans-8.2/platform/core/locale/org-netbeans-libs-asm_zh_CN.jar:/home/erode/netbeans-8.2/platform/core/locale/org-openide-filesystems-compat8_ru.jar:/home/erode/netbeans-8.2/platform/core/locale/org-netbeans-libs-asm_ja.jar:/home/erode/netbeans-8.2/platform/core/locale/org-netbeans-libs-asm_ru.jar:/home/erode/netbeans-8.2/platform/core/locale/core_ru.jar:/home/erode/netbeans-8.2/platform/core/locale/org-openide-filesystems_ru.jar:/home/erode/netbeans-8.2/platform/core/locale/core-base_ru.jar:/home/erode/netbeans-8.2/platform/core/locale/org-openide-filesystems-compat8_pt_BR.jar:/home/erode/netbeans-8.2/platform/core/locale/org-openide-filesystems_zh_CN.jar:/home/erode/netbeans-8.2/platform/core/locale/core_ja.jar:/home/erode/netbeans-8.2/platform/core/locale/core_zh_CN.jar:/home/erode/netbeans-8.2/nb/core/org-netbeans-upgrader.jar:/home/erode/netbeans-8.2/nb/core/locale/core_nb_ja.jar:/home/erode/netbeans-8.2/nb/core/locale/core_nb_pt_BR.jar:/home/erode/netbeans-8.2/nb/core/locale/core_nb.jar:/home/erode/netbeans-8.2/nb/core/locale/org-netbeans-upgrader_ja.jar:/home/erode/netbeans-8.2/nb/core/locale/org-netbeans-upgrader_zh_CN.jar:/home/erode/netbeans-8.2/nb/core/locale/core_nb_zh_CN.jar:/home/erode/netbeans-8.2/nb/core/locale/org-netbeans-upgrader_ru.jar:/home/erode/netbeans-8.2/nb/core/locale/org-netbeans-upgrader_pt_BR.jar:/home/erode/netbeans-8.2/nb/core/locale/core_nb_ru.jar" />
    <property name="jnlp.enabled" value="false" />
    <property name="java.vm.specification.version" value="1.8" />
    <property name="libs.javaee-api-6.0.classpath" value="/home/erode/netbeans-8.2/enterprise/modules/ext/javaee-api-6.0.jar" />
    <property name="netbeans.productversion" value="NetBeans IDE 8.2 (Build 201609300101)" />
    <property name="libs.jaxws21.src" value="" />
    <property name="application.title" value="businessMap" />
    <property name="do.archive" value="true" />
    <property name="netbeans.autoupdate.language" value="en" />
    <property name="java.vendor" value="Oracle Corporation" />
    <property name="libs.javaee-api-6.0.javadoc" value="/home/erode/netbeans-8.2/enterprise/docs/javaee-doc-api.jar" />
    <property name="sun.font.fontmanager" value="sun.awt.X11FontManager" />
    <property name="jar.index.metainf" value="false" />
    <property name="javac.debug" value="true" />
    <property name="javadoc.splitindex" value="true" />
    <property name="file.separator" value="/" />
    <property name="libs.junit_4.maven-pom" value="" />
    <property name="mkdist.disabled" value="false" />
    <property name="javac.test.processorpath" value="/home/erode/.netbeans/8.2/modules/ext/sqlitejdbc-3.8.7.jar:/home/erode/netbeans-8.2/java/modules/ext/eclipselink/org.eclipse.persistence.jpa.modelgen_2.5.2.v20140319-9ad6abd.jar:/home/erode/netbeans-8.2/java/modules/ext/eclipselink/eclipselink.jar:/home/erode/netbeans-8.2/java/modules/ext/eclipselink/javax.persistence_2.1.0.v201304241213.jar:/home/erode/netbeans-8.2/java/modules/ext/eclipselink/org.eclipse.persistence.jpa.jpql_2.5.2.v20140319-9ad6abd.jar:build/classes:/home/erode/netbeans-8.2/platform/modules/ext/junit-4.12.jar:/home/erode/netbeans-8.2/platform/modules/ext/hamcrest-core-1.3.jar" />
    <property name="netbeans.buildnumber" value="201609300101" />
    <property name="libs.JWSAntTasks.javadoc" value="" />
    <property name="build.generated.sources.dir" value="build/generated-sources" />
    <property name="libs.eclipselinkmodelgen.classpath" value="/home/erode/netbeans-8.2/java/modules/ext/eclipselink/org.eclipse.persistence.jpa.modelgen_2.5.2.v20140319-9ad6abd.jar" />
    <property name="libs.javaee-endorsed-api-7.0.src" value="" />
    <property name="sun.java.launcher" value="SUN_STANDARD" />
    <property name="libs.jaxb.javadoc" value="/home/erode/netbeans-8.2/ide/docs/jaxb-api-doc.zip" />
    <property name="org.openide.awt.SwingBrowserImpl.do-not-block-awt" value="false" />
    <property name="ant.home" value="/home/erode/netbeans-8.2/extide/ant" />
    <property name="libs.junit_4.src" value="/home/erode/netbeans-8.2/platform/docs/junit-4.12-sources.jar" />
    <property name="libs.testng.classpath" value="/home/erode/netbeans-8.2/platform/modules/ext/testng-6.8.1-dist.jar" />
    <property name="libs.absolutelayout.maven-pom" value="" />
    <property name="ant.java.version" value="1.8" />
    <property name="java.library.path" value="/usr/lib/jvm/java-8-openjdk-amd64/jre/lib/amd64:/usr/lib/jvm/java-8-openjdk-amd64/jre/lib/i386::/usr/java/packages/lib/amd64:/usr/lib/x86_64-linux-gnu/jni:/lib/x86_64-linux-gnu:/usr/lib/x86_64-linux-gnu:/usr/lib/jni:/lib:/usr/lib" />
    <property name="javadoc.author" value="false" />
    <property name="libs.metro.maven-pom" value="" />
    <property name="java.util.logging.config.class" value="org.netbeans.core.startup.TopLogging" />
    <property name="https.proxyPort" value="0" />
    <property name="libs.PostgreSQLDriver.src" value="" />
    <property name="sun.arch.data.model" value="64" />
    <property name="basedir" value="/home/erode/NetBeansProjects/businessMap" />
    <property name="libs.jpa20-persistence.maven-pom" value="" />
    <property name="jar.compress" value="false" />
    <property name="libs.javaee-web-api-7.0.classpath" value="/home/erode/netbeans-8.2/enterprise/modules/ext/javaee-web-api-7.0.jar" />
    <property name="path.separator" value=":" />
    <property name="libs.javaee-web-api-6.0.javadoc" value="/home/erode/netbeans-8.2/enterprise/docs/javaee-doc-api.jar" />
    <property name="ant.junit.enabletestlistenerevents" value="true" />
    <property name="sun.io.unicode.encoding" value="UnicodeLittle" />
    <property name="libs.jaxws21.classpath" value="/home/erode/netbeans-8.2/ide/modules/ext/jaxb/jaxb-impl.jar:/home/erode/netbeans-8.2/ide/modules/ext/jaxb/jaxb-xjc.jar:/home/erode/netbeans-8.2/java/modules/ext/jaxws22/FastInfoset.jar:/home/erode/netbeans-8.2/java/modules/ext/jaxws22/gmbal-api-only.jar:/home/erode/netbeans-8.2/java/modules/ext/jaxws22/ha-api.jar:/home/erode/netbeans-8.2/java/modules/ext/jaxws22/javax.mail_1.4.jar:/home/erode/netbeans-8.2/java/modules/ext/jaxws22/jaxws-rt.jar:/home/erode/netbeans-8.2/java/modules/ext/jaxws22/jaxws-tools.jar:/home/erode/netbeans-8.2/java/modules/ext/jaxws22/management-api.jar:/home/erode/netbeans-8.2/java/modules/ext/jaxws22/mimepull.jar:/home/erode/netbeans-8.2/java/modules/ext/jaxws22/policy.jar:/home/erode/netbeans-8.2/java/modules/ext/jaxws22/saaj-impl.jar:/home/erode/netbeans-8.2/java/modules/ext/jaxws22/stax-ex.jar:/home/erode/netbeans-8.2/java/modules/ext/jaxws22/stax2-api.jar:/home/erode/netbeans-8.2/java/modules/ext/jaxws22/streambuffer.jar:/home/erode/netbeans-8.2/java/modules/ext/jaxws22/woodstox-core-asl.jar:/home/erode/netbeans-8.2/java/modules/ext/jaxws22/api/jaxws-api.jar:/home/erode/netbeans-8.2/java/modules/ext/jaxws22/api/jsr181-api.jar:/home/erode/netbeans-8.2/java/modules/ext/jaxws22/api/javax.annotation.jar:/home/erode/netbeans-8.2/java/modules/ext/jaxws22/api/saaj-api.jar:/home/erode/netbeans-8.2/ide/modules/ext/jaxb/activation.jar:/home/erode/netbeans-8.2/ide/modules/ext/jaxb/api/jaxb-api.jar:/home/erode/netbeans-8.2/ide/modules/ext/jaxb/api/jsr173_1.0_api.jar" />
    <property name="compile.on.save" value="true" />
    <property name="apple.awt.graphics.UseQuartz" value="true" />
    <property name="addExports:java.desktop/sun.awt.im" value="ALL-UNNAMED" />
    <property name="user.language" value="en" />
    <property name="testng.mode" value="testng" />
    <property name="libs.JAXB-ENDORSED.maven-pom" value="" />
    <property name="libs.eclipselink.maven-pom" value="" />
    <property name="application.vendor" value="erode" />
    <property name="test.binaryincludes" value="&lt;nothing&gt;" />
    <property name="manifest.available" value="true" />
    <property name="run.test.classpath" value="/home/erode/.netbeans/8.2/modules/ext/sqlitejdbc-3.8.7.jar:/home/erode/netbeans-8.2/java/modules/ext/eclipselink/org.eclipse.persistence.jpa.modelgen_2.5.2.v20140319-9ad6abd.jar:/home/erode/netbeans-8.2/java/modules/ext/eclipselink/eclipselink.jar:/home/erode/netbeans-8.2/java/modules/ext/eclipselink/javax.persistence_2.1.0.v201304241213.jar:/home/erode/netbeans-8.2/java/modules/ext/eclipselink/org.eclipse.persistence.jpa.jpql_2.5.2.v20140319-9ad6abd.jar:build/classes:/home/erode/netbeans-8.2/platform/modules/ext/junit-4.12.jar:/home/erode/netbeans-8.2/platform/modules/ext/hamcrest-core-1.3.jar:build/test/classes" />
    <property name="ant.project.invoked-targets" value="test" />
    <property name="test.binaryexcludes" value="" />
    <property name="libs.swing-layout.javadoc" value="/home/erode/netbeans-8.2/platform/docs/swing-layout-1.0.4-doc.zip" />
    <property name="sun.java2d.dpiaware" value="true" />
    <property name="addExports:java.base/jdk.internal.jrtfs" value="ALL-UNNAMED" />
    <property name="libs.DataBindingME-SVG.classpath" value="/home/erode/netbeans-8.2/mobility/modules/ext/netbeans_databindingme_svg.jar" />
    <property name="https.nonProxyHosts" value="localhost|127.0.0.0/8|::1" />
    <property name="libs.PostgreSQLDriver.maven-pom" value="" />
    <property name="java.class.version" value="52.0" />
    <property name="libs.javaee-endorsed-api-6.0.src" value="" />
    <property name="libs.eclipselink.javadoc" value="/home/erode/netbeans-8.2/java/modules/ext/docs/javax.persistence-2.1.0-doc.zip" />
    <property name="user.properties.file" value="/home/erode/.netbeans/8.2/build.properties" />
    <property name="runtime.encoding" value="UTF-8" />
    <property name="libs.javac-api.maven-pom" value="" />
    <property name="file.encoding.pkg" value="sun.io" />
    <property name="sun.cpu.endian" value="little" />
    <property name="libs.JAXB-ENDORSED.javadoc" value="" />
    <property name="libs.JWSAntTasks.classpath" value="/home/erode/netbeans-8.2/java/ant/extra/org-netbeans-modules-javawebstart-anttasks.jar" />
    <property name="empty.dir" value="/home/erode/NetBeansProjects/businessMap/build/empty" />
    <property name="version-output" value="java version &quot;1.8" />
    <property name="test.binarytestincludes" value="" />
    <property name="javadoc.preview" value="true" />
    <property name="libs.jpa20-persistence.javadoc" value="/home/erode/netbeans-8.2/java/modules/ext/docs/javax.persistence-2.1.0-doc.zip" />
    <property name="java.home" value="/usr/lib/jvm/java-8-openjdk-amd64/jre" />
    <property name="debug.test.classpath" value="/home/erode/.netbeans/8.2/modules/ext/sqlitejdbc-3.8.7.jar:/home/erode/netbeans-8.2/java/modules/ext/eclipselink/org.eclipse.persistence.jpa.modelgen_2.5.2.v20140319-9ad6abd.jar:/home/erode/netbeans-8.2/java/modules/ext/eclipselink/eclipselink.jar:/home/erode/netbeans-8.2/java/modules/ext/eclipselink/javax.persistence_2.1.0.v201304241213.jar:/home/erode/netbeans-8.2/java/modules/ext/eclipselink/org.eclipse.persistence.jpa.jpql_2.5.2.v20140319-9ad6abd.jar:build/classes:/home/erode/netbeans-8.2/platform/modules/ext/junit-4.12.jar:/home/erode/netbeans-8.2/platform/modules/ext/hamcrest-core-1.3.jar:build/test/classes" />
    <property name="libs.javaee-endorsed-api-6.0.classpath" value="/home/erode/netbeans-8.2/enterprise/modules/ext/javaee6-endorsed/javax.annotation.jar:/home/erode/netbeans-8.2/enterprise/modules/ext/javaee6-endorsed/jaxb-api-osgi.jar:/home/erode/netbeans-8.2/enterprise/modules/ext/javaee6-endorsed/webservices-api-osgi.jar" />
    <property name="libs.javaee-api-6.0.src" value="" />
    <property name="netbeans.importclass" value="org.netbeans.upgrade.AutoUpgrade" />
    <property name="ant.project.default-target" value="default" />
    <property name="annotation.processing.run.all.processors" value="true" />
    <property name="jar.archive.disabled" value="false" />
    <property name="ant.file.type.businessMap-impl" value="file" />
    <property name="jnlp.signing.alias" value="" />
    <property name="libs.DataBindingME.maven-pom" value="" />
    <property name="libs.PostgreSQLDriver.javadoc" value="" />
    <property name="libs.MySQLDriver.maven-pom" value="" />
    <property name="http.nonProxyHosts" value="localhost|127.0.0.0/8|::1" />
    <property name="libs.junit_4.javadoc" value="/home/erode/netbeans-8.2/platform/docs/junit-4.12-javadoc.jar" />
    <property name="libs.javaee-web-api-6.0.maven-pom" value="" />
    <property name="run.classpath" value="/home/erode/.netbeans/8.2/modules/ext/sqlitejdbc-3.8.7.jar:/home/erode/netbeans-8.2/java/modules/ext/eclipselink/org.eclipse.persistence.jpa.modelgen_2.5.2.v20140319-9ad6abd.jar:/home/erode/netbeans-8.2/java/modules/ext/eclipselink/eclipselink.jar:/home/erode/netbeans-8.2/java/modules/ext/eclipselink/javax.persistence_2.1.0.v201304241213.jar:/home/erode/netbeans-8.2/java/modules/ext/eclipselink/org.eclipse.persistence.jpa.jpql_2.5.2.v20140319-9ad6abd.jar:build/classes" />
    <property name="jna.boot.library.name" value="jnidispatch-422" />
    <property name="libs.javaee-endorsed-api-6.0.javadoc" value="/home/erode/netbeans-8.2/enterprise/docs/javaee-doc-api.jar" />
    <property name="libs.javaee-api-7.0.classpath" value="/home/erode/netbeans-8.2/enterprise/modules/ext/javaee-api-7.0.jar" />
    <property name="sun.awt.datatransfer.timeout" value="1000" />
    <property name="annotation.processing.enabled.in.editor" value="false" />
    <property name="nb.native.filechooser" value="false" />
    <property name="sun.management.compiler" value="HotSpot 64-Bit Tiered Compilers" />
    <property name="libs.j2me_common_ant.javadoc" value="" />
    <property name="javac.deprecation" value="false" />
    <property name="javadoc.use" value="true" />
    <property name="sun.java2d.noddraw" value="true" />
    <property name="javac.processorpath" value="/home/erode/.netbeans/8.2/modules/ext/sqlitejdbc-3.8.7.jar:/home/erode/netbeans-8.2/java/modules/ext/eclipselink/org.eclipse.persistence.jpa.modelgen_2.5.2.v20140319-9ad6abd.jar:/home/erode/netbeans-8.2/java/modules/ext/eclipselink/eclipselink.jar:/home/erode/netbeans-8.2/java/modules/ext/eclipselink/javax.persistence_2.1.0.v201304241213.jar:/home/erode/netbeans-8.2/java/modules/ext/eclipselink/org.eclipse.persistence.jpa.jpql_2.5.2.v20140319-9ad6abd.jar:/home/erode/netbeans-8.2/java/modules/ext/eclipselink/org.eclipse.persistence.jpa.modelgen_2.5.2.v20140319-9ad6abd.jar" />
    <property name="libs.hamcrest.maven-pom" value="" />
    <property name="javac.compilerargs" value="" />
    <property name="ant.file" value="/home/erode/NetBeansProjects/businessMap/build.xml" />
    <property name="libs.beans-binding.maven-pom" value="" />
    <property name="jnlp.codebase.type" value="no.codebase" />
    <property name="libs.jsf12.classpath" value="/home/erode/netbeans-8.2/enterprise/modules/ext/jsf-1_2/commons-beanutils.jar:/home/erode/netbeans-8.2/enterprise/modules/ext/jsf-1_2/commons-collections.jar:/home/erode/netbeans-8.2/enterprise/modules/ext/jsf-1_2/commons-digester.jar:/home/erode/netbeans-8.2/enterprise/modules/ext/jsf-1_2/commons-logging.jar:/home/erode/netbeans-8.2/enterprise/modules/ext/jsf-1_2/jsf-api.jar:/home/erode/netbeans-8.2/enterprise/modules/ext/jsf-1_2/jsf-impl.jar" />
    <property name="libs.beans-binding.src" value="" />
    <property name="java.vm.specification.vendor" value="Oracle Corporation" />
    <property name="libs.DataBindingME-PIM.javadoc" value="/home/erode/netbeans-8.2/mobility/modules/docs/netbeans_databindingme_pim-api.zip" />
    <property name="libs.swing-layout.src" value="/home/erode/netbeans-8.2/platform/docs/swing-layout-1.0.4-src.zip" />
    <property name="org.openide.major.version" value="IDE/1" />
    <property name="java.vm.name" value="OpenJDK 64-Bit Server VM" />
    <property name="netbeans.user" value="/home/erode/.netbeans/8.2" />
    <property name="javadoc.additionalparam" value="" />
    <property name="jnlp.offline-allowed" value="false" />
    <property name="java.io.tmpdir" value="/tmp" />
    <property name="java.vendor.url" value="http://java.oracle.com/" />
    <property name="endorsed.classpath.cmd.line.arg" value="" />
    <property name="jna.loaded" value="true" />
    <property name="junit.available" value="true" />
    <property name="sun.boot.library.path" value="/usr/lib/jvm/java-8-openjdk-amd64/jre/lib/amd64" />
    <property name="have.sources" value="true" />
    <property name="libs.hamcrest.javadoc" value="" />
    <property name="debug.classpath" value="/home/erode/.netbeans/8.2/modules/ext/sqlitejdbc-3.8.7.jar:/home/erode/netbeans-8.2/java/modules/ext/eclipselink/org.eclipse.persistence.jpa.modelgen_2.5.2.v20140319-9ad6abd.jar:/home/erode/netbeans-8.2/java/modules/ext/eclipselink/eclipselink.jar:/home/erode/netbeans-8.2/java/modules/ext/eclipselink/javax.persistence_2.1.0.v201304241213.jar:/home/erode/netbeans-8.2/java/modules/ext/eclipselink/org.eclipse.persistence.jpa.jpql_2.5.2.v20140319-9ad6abd.jar:build/classes" />
    <property name="javac.external.vm" value="true" />
    <property name="javadoc.private" value="false" />
    <property name="test.src.dir" value="test" />
    <property name="libs.jsf20.classpath" value="/home/erode/netbeans-8.2/enterprise/modules/ext/jsf-2_2/javax.faces.jar" />
    <property name="ap.processors.internal" value="" />
    <property name="meta.inf.dir" value="src/META-INF" />
    <property name="javadoc.encoding.used" value="UTF-8" />
    <property name="libs.DataBindingME-SVG.src" value="/home/erode/netbeans-8.2/mobility/sources/netbeans_databindingme_svg-src.zip" />
    <property name="dist.jar" value="dist/businessMap.jar" />
    <property name="java.runtime.name" value="OpenJDK Runtime Environment" />
    <property name="ant.project.name" value="businessMap" />
    <property name="netbeans.hash.code" value="unique=NB_EXTIDE_GFMOD_JAVA_WEBCOMMON_WEBEE0ec30b7a5-8ded-4b0f-b54d-f06eafb8f137_2f2caadb-947b-43ed-97df-875f335d7f30" />
    <property name="netbeans.default_userdir_root" value="/home/erode/.netbeans" />
    <property name="sun.cpu.isalist" value="" />
    <property name="libs.CopyLibs.javadoc" value="" />
    <property name="org.openide.specification.version" value="6.2" />
    <property name="libs.DataBindingME-PIM.classpath" value="/home/erode/netbeans-8.2/mobility/modules/ext/netbeans_databindingme_pim.jar" />
    <property name="user.home" value="/home/erode" />
    <property name="annotation.processing.processors.list" value="" />
    <property name="debug-args-line" value="-Xdebug" />
    <property name="libs.javaee-api-6.0.maven-pom" value="" />
    <property name="libs.JWSAntTasks.src" value="" />
    <property name="jar.index" value="false" />
    <property name="libs.CopyLibs.maven-pom" value="" />
    <property name="libs.absolutelayout.javadoc" value="" />
    <property name="java.specification.name" value="Java Platform API Specification" />
    <property name="ant.file.businessMap-impl" value="/home/erode/NetBeansProjects/businessMap/nbproject/build-impl.xml" />
    <property name="do.archive+main.class.available" value="true" />
    <property name="jnlp.mixed.code" value="default" />
    <property name="java.specification.vendor" value="Oracle Corporation" />
    <property name="libs.javac-api.classpath" value="/home/erode/netbeans-8.2/java/modules/ext/nb-javac-api.jar" />
    <property name="java.version" value="1.8.0_131" />
    <property name="run.jvmargs.ide" value="" />
    <property name="javadoc.version" value="false" />
    <property name="libs.MySQLDriver.javadoc" value="" />
    <property name="org.openide.version" value="deprecated" />
    <property name="platform.java" value="/usr/lib/jvm/java-8-openjdk-amd64/jre/bin/java" />
    <property name="source.encoding" value="UTF-8" />
    <property name="ap.cmd.line.internal" value="" />
    <property name="libs.eclipselinkmodelgen.maven-pom" value="" />
    <property name="libs.eclipselinkmodelgen.javadoc" value="" />
    <property name="libs.javaee-endorsed-api-7.0.classpath" value="/home/erode/netbeans-8.2/enterprise/modules/ext/javaee7-endorsed/javax.annotation-api.jar:/home/erode/netbeans-8.2/enterprise/modules/ext/javaee7-endorsed/javax.xml.soap-api.jar:/home/erode/netbeans-8.2/enterprise/modules/ext/javaee7-endorsed/jaxb-api-osgi.jar:/home/erode/netbeans-8.2/enterprise/modules/ext/javaee7-endorsed/jaxws-api.jar:/home/erode/netbeans-8.2/enterprise/modules/ext/javaee7-endorsed/jsr181-api.jar" />
    <property name="libs.metro.javadoc" value="/home/erode/netbeans-8.2/enterprise/docs/metro-1.4-doc.zip" />
    <property name="netbeans.home+have.tests" value="true" />
    <property name="annotation.processing.processor.options" value="-Aeclipselink.canonicalmodel.use_static_factory=false" />
    <property name="libs.testng.maven-pom" value="" />
    <property name="libs.jaxb.src" value="" />
    <property name="work.dir" value="/home/erode/NetBeansProjects/businessMap" />
    <property name="libs.jaxb.classpath" value="/home/erode/netbeans-8.2/ide/modules/ext/jaxb/jaxb-impl.jar:/home/erode/netbeans-8.2/ide/modules/ext/jaxb/jaxb-xjc.jar:/home/erode/netbeans-8.2/ide/modules/ext/jaxb/jaxb1-impl.jar:/home/erode/netbeans-8.2/ide/modules/ext/jaxb/activation.jar:/home/erode/netbeans-8.2/ide/modules/ext/jaxb/api/jaxb-api.jar:/home/erode/netbeans-8.2/ide/modules/ext/jaxb/api/jsr173_1.0_api.jar" />
    <property name="do.depend" value="false" />
    <property name="libs.j2me_common_ant.classpath" value="/home/erode/netbeans-8.2/mobility/modules/org-netbeans-modules-j2me-common-ant.jar:/home/erode/netbeans-8.2/java/modules/org-netbeans-modules-classfile.jar" />
    <property name="dist.javadoc.dir" value="dist/javadoc" />
    <property name="has.persistence.xml" value="true" />
    <property name="libs.swing-layout.classpath" value="/home/erode/netbeans-8.2/platform/modules/ext/swing-layout-1.0.4.jar" />
    <property name="libs.javaee-web-api-7.0.maven-pom" value="" />
    <property name="build.generated.dir" value="build/generated" />
    <property name="javac.source" value="1.8" />
    <property name="line.separator" value="&#xa;" />
    <property name="java.specification.version" value="1.8" />
    <property name="libs.jaxws21.maven-pom" value="" />
    <property name="java.vm.info" value="mixed mode" />
    <property name="nb.junit.batch" value="true" />
    <property name="junit.forkmode" value="perTest" />
    <property name="manifest.custom.caller.allowable.codebase" value="" />
    <property name="addExports:java.management/sun.management" value="ALL-UNNAMED" />
    <property name="libs.SQLiteDriver.maven-pom" value="" />
    <property name="sun.boot.class.path" value="/usr/lib/jvm/java-8-openjdk-amd64/jre/lib/resources.jar:/usr/lib/jvm/java-8-openjdk-amd64/jre/lib/rt.jar:/usr/lib/jvm/java-8-openjdk-amd64/jre/lib/sunrsasign.jar:/usr/lib/jvm/java-8-openjdk-amd64/jre/lib/jsse.jar:/usr/lib/jvm/java-8-openjdk-amd64/jre/lib/jce.jar:/usr/lib/jvm/java-8-openjdk-amd64/jre/lib/charsets.jar:/usr/lib/jvm/java-8-openjdk-amd64/jre/lib/jfr.jar:/usr/lib/jvm/java-8-openjdk-amd64/jre/classes" />
    <property name="javac.target" value="1.8" />
    <property name="libs.SQLiteDriver.javadoc" value="" />
    <property name="built-jar.properties" value="/home/erode/NetBeansProjects/businessMap/build/built-jar.properties" />
    <property name="build.test.classes.dir" value="build/test/classes" />
    <property name="src.dir" value="src" />
    <property name="annotation.processing.enabled" value="true" />
    <property name="libs.jsf20.src" value="" />
    <property name="libs.jpa20-persistence.src" value="" />
    <property name="libs.jsf12.src" value="" />
    <property name="libs.DataBindingME-SVG.maven-pom" value="" />
    <property name="ignore.failing.tests" value="true" />
    <property name="libs.javaee-web-api-7.0.src" value="" />
    <property name="dist.dir" value="dist" />
    <property name="http.proxyPort" value="8080" />
    <property name="testng.debug.mode" value="" />
    <property name="javac.fork" value="true" />
    <property name="java.awt.printerjob" value="sun.print.PSPrinterJob" />
    <property name="default.javac.source" value="1.8" />
    <property name="ant.file.type.businessMap" value="file" />
    <property name="debug-transport-by-os" value="dt_socket" />
    <property name="sun.jnu.encoding" value="UTF-8" />
    <property name="libs.MySQLDriver.src" value="" />
    <property name="build.test.results.dir" value="build/test/results" />
    <property name="java.runtime.version" value="1.8.0_131-8u131-b11-0ubuntu1.16.04.2-b11" />
    <property name="jna.platform.library.path" value="/usr/lib/x86_64-linux-gnu:/lib/x86_64-linux-gnu:/usr/lib64:/lib64:/usr/lib:/lib:/usr/lib/i386-linux-gnu:/lib/i386-linux-gnu:/usr/lib/i386-linux-gnu/i686/sse2:/lib32:/usr/lib32:/usr/lib/i386-linux-gnu/sse2:/usr/lib/x86_64-linux-gnu/libfakeroot:/usr/lib/x86_64-linux-gnu/mesa-egl:/usr/lib/x86_64-linux-gnu/mesa:/usr/lib/i386-linux-gnu/mesa" />
    <property name="default.javac.target" value="1.8" />
    <property name="libs.junit_4.classpath" value="/home/erode/netbeans-8.2/platform/modules/ext/junit-4.12.jar" />
    <property name="user.timezone" value="" />
    <property name="nb.junit.single" value="false" />
    <property name="do.jar" value="true" />
    <property name="libs.javaee-endorsed-api-6.0.maven-pom" value="" />
    <property name="netbeans.dirs" value="/home/erode/netbeans-8.2/nb:/home/erode/netbeans-8.2/ergonomics:/home/erode/netbeans-8.2/ide:/home/erode/netbeans-8.2/extide:/home/erode/netbeans-8.2/java:/home/erode/netbeans-8.2/apisupport:/home/erode/netbeans-8.2/webcommon:/home/erode/netbeans-8.2/websvccommon:/home/erode/netbeans-8.2/enterprise:/home/erode/netbeans-8.2/mobility:/home/erode/netbeans-8.2/profiler:/home/erode/netbeans-8.2/python:/home/erode/netbeans-8.2/php:/home/erode/netbeans-8.2/identity:/home/erode/netbeans-8.2/harness:/home/erode/netbeans-8.2/cnd:/home/erode/netbeans-8.2/cndext:/home/erode/netbeans-8.2/dlight:/home/erode/netbeans-8.2/groovy:/home/erode/netbeans-8.2/extra:/home/erode/netbeans-8.2/javacard:/home/erode/netbeans-8.2/javafx:" />
    <property name="libs.jsf20.javadoc" value="/home/erode/netbeans-8.2/enterprise/docs/javaee-doc-api.jar" />
    <property name="java.ext.dirs" value="/usr/lib/jvm/java-8-openjdk-amd64/jre/lib/ext:/usr/java/packages/lib/ext" />
    <property name="libs.metro.src" value="" />
    <property name="endorsed.classpath" value="" />
    <property name="libs.absolutelayout.classpath" value="/home/erode/netbeans-8.2/java/modules/ext/AbsoluteLayout.jar" />
    <property name="excludes" value="" />
    <property name="libs.metro.classpath" value="/home/erode/netbeans-8.2/ide/modules/ext/jaxb/activation.jar:/home/erode/netbeans-8.2/enterprise/modules/ext/metro/webservices-api.jar:/home/erode/netbeans-8.2/enterprise/modules/ext/metro/webservices-extra-api.jar:/home/erode/netbeans-8.2/enterprise/modules/ext/metro/webservices-extra.jar:/home/erode/netbeans-8.2/enterprise/modules/ext/metro/webservices-rt.jar:/home/erode/netbeans-8.2/enterprise/modules/ext/metro/webservices-tools.jar" />
    <property name="libs.DataBindingME.javadoc" value="/home/erode/netbeans-8.2/mobility/modules/docs/netbeans_databindingme-api.zip" />
    <property name="apple.laf.useScreenMenuBar" value="true" />
    <property name="java.class.path" value="/home/erode/.netbeans/8.2/modules/ext/sqlitejdbc-3.8.7.jar:/home/erode/netbeans-8.2/java/modules/ext/eclipselink/org.eclipse.persistence.jpa.modelgen_2.5.2.v20140319-9ad6abd.jar:/home/erode/netbeans-8.2/java/modules/ext/eclipselink/eclipselink.jar:/home/erode/netbeans-8.2/java/modules/ext/eclipselink/javax.persistence_2.1.0.v201304241213.jar:/home/erode/netbeans-8.2/java/modules/ext/eclipselink/org.eclipse.persistence.jpa.jpql_2.5.2.v20140319-9ad6abd.jar:/home/erode/NetBeansProjects/businessMap/build/classes:/home/erode/netbeans-8.2/platform/modules/ext/junit-4.12.jar:/home/erode/netbeans-8.2/platform/modules/ext/hamcrest-core-1.3.jar:/home/erode/NetBeansProjects/businessMap/build/test/classes:/home/erode/netbeans-8.2/extide/ant/lib/ant-launcher.jar:/home/erode/netbeans-8.2/extide/ant/lib/ant.jar:/home/erode/netbeans-8.2/extide/ant/lib/ant-junit.jar:/home/erode/netbeans-8.2/extide/ant/lib/ant-junit4.jar" />
    <property name="addExports:java.desktop/java.awt.peer" value="ALL-UNNAMED" />
    <property name="addExports:java.desktop/com.sun.beans.editors" value="ALL-UNNAMED" />
    <property name="do.mkdist" value="true" />
    <property name="libs.absolutelayout.src" value="" />
    <property name="libs.jpa20-persistence.classpath" value="/home/erode/netbeans-8.2/java/modules/ext/eclipselink/javax.persistence_2.1.0.v201304241213.jar" />
    <property name="libs.SQLiteDriver.src" value="" />
    <property name="os.version" value="4.4.0-66-generic" />
    <property name="application.args" value="" />
    <property name="manifest.custom.permissions" value="" />
    <property name="libs.javaee-api-7.0.maven-pom" value="" />
    <property name="main.class.available" value="true" />
    <property name="sun.awt.enableExtraMouseButtons" value="true" />
    <property name="sun.desktop" value="gnome" />
    <property name="libs.JAXB-ENDORSED.classpath" value="/home/erode/netbeans-8.2/ide/modules/ext/jaxb/api/jaxb-api.jar" />
    <property name="nb.internal.action.name" value="test" />
    <property name="libs.javaee-api-7.0.javadoc" value="/home/erode/netbeans-8.2/enterprise/docs/javaee-doc-api.jar" />
    <property name="libs.eclipselink.classpath" value="/home/erode/netbeans-8.2/java/modules/ext/eclipselink/eclipselink.jar:/home/erode/netbeans-8.2/java/modules/ext/eclipselink/javax.persistence_2.1.0.v201304241213.jar:/home/erode/netbeans-8.2/java/modules/ext/eclipselink/org.eclipse.persistence.jpa.jpql_2.5.2.v20140319-9ad6abd.jar" />
    <property name="libs.beans-binding.javadoc" value="/home/erode/netbeans-8.2/java/docs/beansbinding-1.2.1-doc.zip" />
    <property name="java.awt.graphicsenv" value="sun.awt.X11GraphicsEnvironment" />
    <property name="java.vm.vendor" value="Oracle Corporation" />
    <property name="libs.CopyLibs.classpath" value="/home/erode/netbeans-8.2/java/ant/extra/org-netbeans-modules-java-j2seproject-copylibstask.jar" />
    <property name="libs.hamcrest.src" value="" />
    <property name="run.jvmargs" value="" />
    <property name="libs.JAXB-ENDORSED.src" value="" />
    <property name="dist.archive.excludes" value="" />
    <property name="libs.testng.javadoc" value="/home/erode/netbeans-8.2/platform/docs/testng-6.8.1-javadoc.zip" />
    <property name="libs.DataBindingME-PIM.src" value="/home/erode/netbeans-8.2/mobility/sources/netbeans_databindingme_pim-src.zip" />
    <property name="libs.PostgreSQLDriver.classpath" value="/home/erode/netbeans-8.2/ide/modules/ext/postgresql-9.4.1209.jar" />
    <property name="libs.jsf12.maven-pom" value="" />
    <property name="jnlp.signing" value="" />
    <property name="annotation.processing.source.output" value="build/generated-sources/ap-source-output" />
    <property name="jnlp.signed" value="false" />
    <property name="main.class" value="businessmap.views.BusinessMapGUI" />
    <property name="libs.CopyLibs.src" value="" />
    <property name="build.dir" value="build" />
    <property name="ant.version" value="Apache Ant(TM) version 1.9.7 compiled on April 9 2016" />
    <property name="file.encoding" value="UTF-8" />
    <property name="build.classes.excludes" value="**/*.java,**/*.form" />
    <property name="jdkBug6558476" value="false" />
    <property name="javadoc.nonavbar" value="false" />
    <property name="platform.active" value="default_platform" />
    <property name="awt.toolkit" value="sun.awt.X11.XToolkit" />
    <property name="libs.javaee-web-api-7.0.javadoc" value="/home/erode/netbeans-8.2/enterprise/docs/javaee-doc-api.jar" />
  </properties>
  <testcase classname="businessmap.models.SocialMediaTest" name="deleteEntry" time="0.066" />
  <testcase classname="businessmap.models.SocialMediaTest" name="isSaved" time="0.014" />
  <testcase classname="businessmap.models.SocialMediaTest" name="testGetAddress" time="0.125" />
  <testcase classname="businessmap.models.SocialMediaTest" name="testGetId" time="0.0" />
  <testcase classname="businessmap.models.SocialMediaTest" name="testGetName" time="0.0" />
  <testcase classname="businessmap.models.SocialMediaTest" name="testSave" time="0.009" />
  <testcase classname="businessmap.models.SocialMediaTest" name="testSetAddress" time="0.084" />
  <testcase classname="businessmap.models.SocialMediaTest" name="testSetId" time="0.0" />
  <testcase classname="businessmap.models.SocialMediaTest" name="testSetName" time="0.0" />
  <system-out><![CDATA[name saved
name saved
]]></system-out>
  <system-err><![CDATA[]]></system-err>
</testsuite>
